#
# A fatal error has been detected by the Java Runtime Environment:
#
#  EXCEPTION_ACCESS_VIOLATION (0xc0000005) at pc=0x000007fed8c75ab0, pid=8728, tid=8036
#
# JRE version: Java(TM) SE Runtime Environment (7.0_67-b01) (build 1.7.0_67-b01)
# Java VM: Java HotSpot(TM) 64-Bit Server VM (24.65-b04 mixed mode windows-amd64 compressed oops)
# Problematic frame:
# C  [ig75icd64.dll+0x55ab0]
#
# Failed to write core dump. Minidumps are not enabled by default on client versions of Windows
#
# If you would like to submit a bug report, please visit:
#   http://bugreport.sun.com/bugreport/crash.jsp
# The crash happened outside the Java Virtual Machine in native code.
# See problematic frame for where to report the bug.
#

---------------  T H R E A D  ---------------

Current thread (0x000000000c4d7000):  JavaThread "AWT-EventQueue-0" [_thread_in_native, id=8036, stack(0x000000000e6e0000,0x000000000e7e0000)]

siginfo: ExceptionCode=0xc0000005, writing address 0x0000000000000000

Registers:
RAX=0x0000000000000000, RBX=0x000000077ca09810, RCX=0x0000000000000000, RDX=0x0000000000000088
RSP=0x000000000e7ddf30, RBP=0x0000000000000001, RSI=0x0000000000000000, RDI=0x0000000000000001
R8 =0x00000000117d7500, R9 =0x00000000117d7510, R10=0x00000000028a3124, R11=0x0000000050392a70
R12=0x0000000000000000, R13=0x000000077ca09810, R14=0x000000000e7de048, R15=0x000000000c4d7000
RIP=0x000007fed8c75ab0, EFLAGS=0x0000000000010202

Top of Stack: (sp=0x000000000e7ddf30)
0x000000000e7ddf30:   0000000011a057f0 0000000000000000
0x000000000e7ddf40:   0000000000000000 000000077ca09810
0x000000000e7ddf50:   00000000028960f8 00000000028a3150
0x000000000e7ddf60:   000000077ca09810 000000000e7ddff8
0x000000000e7ddf70:   00000000ef9b689e 0000000000000000
0x000000000e7ddf80:   0000000000000000 0000000000000001
0x000000000e7ddf90:   000007fed91bfbe0 000000000c3f5300
0x000000000e7ddfa0:   00000000ffffff00 0000000000000000
0x000000000e7ddfb0:   000000000c4d7000 000000000e7ddfb8
0x000000000e7ddfc0:   000000077ca09810 000000000e7de048
0x000000000e7ddfd0:   000000077cb31f38 0000000000000000
0x000000000e7ddfe0:   000000077ca09810 0000000000000000
0x000000000e7ddff0:   000000000e7de018 000000000e7de090
0x000000000e7de000:   00000000028960f8 0000000000000000
0x000000000e7de010:   000000000289f0d8 000007fed91bfbe0
0x000000000e7de020:   0000000002896274 0000000000000001 

Instructions: (pc=0x000007fed8c75ab0)
0x000007fed8c75a90:   74 0f 48 8b 4b 18 48 85 c9 74 06 ff 15 ff 79 57
0x000007fed8c75aa0:   00 48 8b 5c 24 30 33 c9 85 ed 7e 11 0f 1f 40 00
0x000007fed8c75ab0:   89 3c 8e 48 ff c1 ff c7 48 3b cd 7c f3 48 8b 6c
0x000007fed8c75ac0:   24 38 48 8b 74 24 40 48 83 c4 20 5f c3 cc cc cc 


Register to memory mapping:

RAX=0x0000000000000000 is an unknown value
RBX=0x000000077ca09810 is an oop
{method} 
 - klass: {other class}
RCX=0x0000000000000000 is an unknown value
RDX=0x0000000000000088 is an unknown value
RSP=0x000000000e7ddf30 is pointing into the stack for thread: 0x000000000c4d7000
RBP=0x0000000000000001 is an unknown value
RSI=0x0000000000000000 is an unknown value
RDI=0x0000000000000001 is an unknown value
R8 =0x00000000117d7500 is an unknown value
R9 =0x00000000117d7510 is an unknown value
R10=0x00000000028a3124 is at code_begin+644 in an Interpreter codelet
method entry point (kind = native)  [0x00000000028a2ea0, 0x00000000028a3740]  2208 bytes
R11=0x0000000050392a70 is an unknown value
R12=0x0000000000000000 is an unknown value
R13=0x000000077ca09810 is an oop
{method} 
 - klass: {other class}
R14=0x000000000e7de048 is pointing into the stack for thread: 0x000000000c4d7000
R15=0x000000000c4d7000 is a thread


Stack: [0x000000000e6e0000,0x000000000e7e0000],  sp=0x000000000e7ddf30,  free space=1015k
Native frames: (J=compiled Java code, j=interpreted, Vv=VM code, C=native code)
C  [ig75icd64.dll+0x55ab0]

Java frames: (J=compiled Java code, j=interpreted, Vv=VM code)
j  jogamp.opengl.gl4.GL4bcImpl.dispatch_glGenBuffers1(ILjava/lang/Object;IZJ)V+0
j  jogamp.opengl.gl4.GL4bcImpl.glGenBuffers(ILjava/nio/IntBuffer;)V+81
j  VBO.createVBO(Lcom/jogamp/opengl/GL2;)V+180
j  Renderer.init(Lcom/jogamp/opengl/GLAutoDrawable;)V+95
j  jogamp.opengl.GLDrawableHelper.init(Lcom/jogamp/opengl/GLEventListener;Lcom/jogamp/opengl/GLAutoDrawable;ZZ)V+2
j  jogamp.opengl.GLDrawableHelper.init(Lcom/jogamp/opengl/GLAutoDrawable;Z)V+73
j  com.jogamp.opengl.awt.GLCanvas$10.run()V+26
j  jogamp.opengl.GLDrawableHelper.invokeGLImpl(Lcom/jogamp/opengl/GLDrawable;Lcom/jogamp/opengl/GLContext;Ljava/lang/Runnable;Ljava/lang/Runnable;)V+197
j  jogamp.opengl.GLDrawableHelper.invokeGL(Lcom/jogamp/opengl/GLDrawable;Lcom/jogamp/opengl/GLContext;Ljava/lang/Runnable;Ljava/lang/Runnable;)V+72
j  com.jogamp.opengl.awt.GLCanvas$12.run()V+104
j  java.awt.event.InvocationEvent.dispatch()V+11
j  java.awt.EventQueue.dispatchEventImpl(Ljava/awt/AWTEvent;Ljava/lang/Object;)V+21
j  java.awt.EventQueue.access$200(Ljava/awt/EventQueue;Ljava/awt/AWTEvent;Ljava/lang/Object;)V+3
j  java.awt.EventQueue$3.run()Ljava/lang/Void;+12
j  java.awt.EventQueue$3.run()Ljava/lang/Object;+1
v  ~StubRoutines::call_stub
j  java.security.AccessController.doPrivileged(Ljava/security/PrivilegedAction;Ljava/security/AccessControlContext;)Ljava/lang/Object;+0
j  java.security.ProtectionDomain$1.doIntersectionPrivilege(Ljava/security/PrivilegedAction;Ljava/security/AccessControlContext;Ljava/security/AccessControlContext;)Ljava/lang/Object;+28
j  java.awt.EventQueue.dispatchEvent(Ljava/awt/AWTEvent;)V+46
j  java.awt.EventDispatchThread.pumpOneEventForFilters(I)V+245
j  java.awt.EventDispatchThread.pumpEventsForFilter(ILjava/awt/Conditional;Ljava/awt/EventFilter;)V+35
j  java.awt.EventDispatchThread.pumpEventsForHierarchy(ILjava/awt/Conditional;Ljava/awt/Component;)V+11
j  java.awt.EventDispatchThread.pumpEvents(ILjava/awt/Conditional;)V+4
j  java.awt.EventDispatchThread.pumpEvents(Ljava/awt/Conditional;)V+3
j  java.awt.EventDispatchThread.run()V+9
v  ~StubRoutines::call_stub

---------------  P R O C E S S  ---------------

Java Threads: ( => current thread )
  0x000000000ec42000 JavaThread "AWT-EventQueue-0-FPSAWTAnimator#00-Timer0" [_thread_blocked, id=6772, stack(0x0000000013f00000,0x0000000014000000)]
  0x000000000c6f1800 JavaThread "AWT-EventQueue-0-SharedResourceRunner" daemon [_thread_blocked, id=8556, stack(0x000000000f030000,0x000000000f130000)]
  0x000000000030e000 JavaThread "DestroyJavaVM" [_thread_blocked, id=4304, stack(0x0000000002790000,0x0000000002890000)]
=>0x000000000c4d7000 JavaThread "AWT-EventQueue-0" [_thread_in_native, id=8036, stack(0x000000000e6e0000,0x000000000e7e0000)]
  0x000000000c4ae800 JavaThread "AWT-Windows" daemon [_thread_in_native, id=7176, stack(0x000000000e4b0000,0x000000000e5b0000)]
  0x000000000c4ab800 JavaThread "AWT-Shutdown" [_thread_blocked, id=8200, stack(0x000000000e3b0000,0x000000000e4b0000)]
  0x000000000c4a9000 JavaThread "Java2D Disposer" daemon [_thread_blocked, id=7804, stack(0x000000000df00000,0x000000000e000000)]
  0x000000000b35f800 JavaThread "Service Thread" daemon [_thread_blocked, id=3512, stack(0x000000000e010000,0x000000000e110000)]
  0x000000000b35e000 JavaThread "C2 CompilerThread1" daemon [_thread_blocked, id=4636, stack(0x000000000dd80000,0x000000000de80000)]
  0x000000000b357000 JavaThread "C2 CompilerThread0" daemon [_thread_blocked, id=4400, stack(0x000000000dbf0000,0x000000000dcf0000)]
  0x000000000b356000 JavaThread "Attach Listener" daemon [_thread_blocked, id=8356, stack(0x000000000dab0000,0x000000000dbb0000)]
  0x000000000b355000 JavaThread "Signal Dispatcher" daemon [_thread_blocked, id=8988, stack(0x000000000d8d0000,0x000000000d9d0000)]
  0x000000000b341000 JavaThread "Finalizer" daemon [_thread_blocked, id=8580, stack(0x000000000d730000,0x000000000d830000)]
  0x00000000024e9800 JavaThread "Reference Handler" daemon [_thread_blocked, id=9076, stack(0x000000000d3d0000,0x000000000d4d0000)]

Other Threads:
  0x000000000b33e000 VMThread [stack: 0x000000000d4f0000,0x000000000d5f0000] [id=6008]
  0x000000000c40b000 WatcherThread [stack: 0x000000000e120000,0x000000000e220000] [id=8660]

VM state:not at safepoint (normal execution)

VM Mutex/Monitor currently owned by a thread: None

Heap
 PSYoungGen      total 38400K, used 16268K [0x00000007d5b00000, 0x00000007d8580000, 0x0000000800000000)
  eden space 33280K, 34% used [0x00000007d5b00000,0x00000007d66300b0,0x00000007d7b80000)
  from space 5120K, 93% used [0x00000007d7b80000,0x00000007d8033298,0x00000007d8080000)
  to   space 5120K, 0% used [0x00000007d8080000,0x00000007d8080000,0x00000007d8580000)
 ParOldGen       total 86528K, used 0K [0x0000000781200000, 0x0000000786680000, 0x00000007d5b00000)
  object space 86528K, 0% used [0x0000000781200000,0x0000000781200000,0x0000000786680000)
 PSPermGen       total 21504K, used 14777K [0x000000077c000000, 0x000000077d500000, 0x0000000781200000)
  object space 21504K, 68% used [0x000000077c000000,0x000000077ce6e5e0,0x000000077d500000)

Card table byte_map: [0x0000000005890000,0x0000000005cc0000] byte_map_base: 0x0000000001cb0000

Polling page: 0x0000000000330000

Code Cache  [0x0000000002890000, 0x0000000002b00000, 0x0000000005890000)
 total_blobs=805 nmethods=56 adapters=701 free_code_cache=48364Kb largest_free_block=49520320

Compilation events (10 events):
Event: 1.139 Thread 0x000000000b35e000   52 %           java.lang.Class::searchFields @ 8 (45 bytes)
Event: 1.143 Thread 0x000000000b35e000 nmethod 52% 0x0000000002950fd0 code [0x0000000002951140, 0x0000000002951548]
Event: 1.144 Thread 0x000000000b35e000   53             java.lang.Class::searchFields (45 bytes)
Event: 1.147 Thread 0x000000000b35e000 nmethod 53 0x0000000002951850 code [0x00000000029519c0, 0x0000000002951d78]
Event: 1.152 Thread 0x000000000b35e000   54             sun.misc.MetaIndex::mayContain (51 bytes)
Event: 1.156 Thread 0x000000000b35e000 nmethod 54 0x00000000029520d0 code [0x0000000002952220, 0x0000000002952538]
Event: 1.159 Thread 0x000000000b357000   55             java.util.Arrays::binarySearch0 (95 bytes)
Event: 1.159 Thread 0x000000000b35e000   56             sun.java2d.loops.GraphicsPrimitiveMgr$2::compare (39 bytes)
Event: 1.160 Thread 0x000000000b35e000 nmethod 56 0x00000000029498d0 code [0x0000000002949a20, 0x0000000002949af8]
Event: 1.161 Thread 0x000000000b357000 nmethod 55 0x000000000294c050 code [0x000000000294c1a0, 0x000000000294c358]

GC Heap History (2 events):
Event: 1.061 GC heap before
{Heap before GC invocations=1 (full 0):
 PSYoungGen      total 38400K, used 33280K [0x00000007d5b00000, 0x00000007d8580000, 0x0000000800000000)
  eden space 33280K, 100% used [0x00000007d5b00000,0x00000007d7b80000,0x00000007d7b80000)
  from space 5120K, 0% used [0x00000007d8080000,0x00000007d8080000,0x00000007d8580000)
  to   space 5120K, 0% used [0x00000007d7b80000,0x00000007d7b80000,0x00000007d8080000)
 ParOldGen       total 86528K, used 0K [0x0000000781200000, 0x0000000786680000, 0x00000007d5b00000)
  object space 86528K, 0% used [0x0000000781200000,0x0000000781200000,0x0000000786680000)
 PSPermGen       total 21504K, used 13237K [0x000000077c000000, 0x000000077d500000, 0x0000000781200000)
  object space 21504K, 61% used [0x000000077c000000,0x000000077cced630,0x000000077d500000)
Event: 1.071 GC heap after
Heap after GC invocations=1 (full 0):
 PSYoungGen      total 38400K, used 4812K [0x00000007d5b00000, 0x00000007d8580000, 0x0000000800000000)
  eden space 33280K, 0% used [0x00000007d5b00000,0x00000007d5b00000,0x00000007d7b80000)
  from space 5120K, 93% used [0x00000007d7b80000,0x00000007d8033298,0x00000007d8080000)
  to   space 5120K, 0% used [0x00000007d8080000,0x00000007d8080000,0x00000007d8580000)
 ParOldGen       total 86528K, used 0K [0x0000000781200000, 0x0000000786680000, 0x00000007d5b00000)
  object space 86528K, 0% used [0x0000000781200000,0x0000000781200000,0x0000000786680000)
 PSPermGen       total 21504K, used 13237K [0x000000077c000000, 0x000000077d500000, 0x0000000781200000)
  object space 21504K, 61% used [0x000000077c000000,0x000000077cced630,0x000000077d500000)
}

Deoptimization events (5 events):
Event: 0.959 Thread 0x000000000c6f1800 Uncommon trap: reason=unreached action=reinterpret pc=0x0000000002949384 method=java.lang.Class.searchFields([Ljava/lang/reflect/Field;Ljava/lang/String;)Ljava/lang/reflect/Field; @ 23
Event: 1.149 Thread 0x000000000c4d7000 Uncommon trap: reason=bimorphic action=maybe_recompile pc=0x0000000002941760 method=java.util.HashMap.getEntry(Ljava/lang/Object;)Ljava/util/HashMap$Entry; @ 68
Event: 1.149 Thread 0x000000000c4d7000 Uncommon trap: reason=bimorphic action=maybe_recompile pc=0x0000000002941760 method=java.util.HashMap.getEntry(Ljava/lang/Object;)Ljava/util/HashMap$Entry; @ 68
Event: 1.149 Thread 0x000000000c4d7000 Uncommon trap: reason=bimorphic action=maybe_recompile pc=0x0000000002941760 method=java.util.HashMap.getEntry(Ljava/lang/Object;)Ljava/util/HashMap$Entry; @ 68
Event: 1.149 Thread 0x000000000c4d7000 Uncommon trap: reason=bimorphic action=maybe_recompile pc=0x0000000002941760 method=java.util.HashMap.getEntry(Ljava/lang/Object;)Ljava/util/HashMap$Entry; @ 68

Internal exceptions (10 events):
Event: 1.216 Thread 0x000000000ec42000 Threw 0x00000007d6335af8 at C:\re\jdk7u67\1368\hotspot\src\share\vm\prims\jvm.cpp:1244
Event: 1.216 Thread 0x000000000ec42000 Threw 0x00000007d6338c40 at C:\re\jdk7u67\1368\hotspot\src\share\vm\prims\jvm.cpp:1244
Event: 1.216 Thread 0x000000000ec42000 Threw 0x00000007d633c458 at C:\re\jdk7u67\1368\hotspot\src\share\vm\prims\jvm.cpp:1244
Event: 1.217 Thread 0x000000000ec42000 Threw 0x00000007d633ecd0 at C:\re\jdk7u67\1368\hotspot\src\share\vm\prims\jvm.cpp:1244
Event: 1.239 Thread 0x000000000c4d7000 Threw 0x00000007d62d5300 at C:\re\jdk7u67\1368\hotspot\src\share\vm\prims\jvm.cpp:1244
Event: 1.240 Thread 0x000000000c4d7000 Threw 0x00000007d62e0e60 at C:\re\jdk7u67\1368\hotspot\src\share\vm\prims\jvm.cpp:1244
Event: 1.241 Thread 0x000000000c4d7000 Threw 0x00000007d62e3400 at C:\re\jdk7u67\1368\hotspot\src\share\vm\prims\jvm.cpp:1244
Event: 1.242 Thread 0x000000000c4d7000 Threw 0x00000007d62eea88 at C:\re\jdk7u67\1368\hotspot\src\share\vm\prims\jvm.cpp:1244
Event: 1.242 Thread 0x000000000c4d7000 Threw 0x00000007d62f4380 at C:\re\jdk7u67\1368\hotspot\src\share\vm\prims\jvm.cpp:1244
Event: 1.243 Thread 0x000000000c4d7000 Threw 0x00000007d62f9f90 at C:\re\jdk7u67\1368\hotspot\src\share\vm\prims\jvm.cpp:1244

Events (10 events):
Event: 1.240 loading class 0x000000000ec48e40
Event: 1.240 loading class 0x000000000ec48e40 done
Event: 1.241 loading class 0x000000000ec48f80
Event: 1.241 loading class 0x000000000ec48f80 done
Event: 1.242 loading class 0x000000000ec49580
Event: 1.242 loading class 0x000000000ec49580 done
Event: 1.242 loading class 0x000000000e863150
Event: 1.242 loading class 0x000000000e863150 done
Event: 1.243 loading class 0x000000000c520ca0
Event: 1.243 loading class 0x000000000c520ca0 done


Dynamic libraries:
0x000000013f0f0000 - 0x000000013f123000 	D:\Programy\Java\jre7\bin\javaw.exe
0x00000000772c0000 - 0x0000000077469000 	C:\Windows\SYSTEM32\ntdll.dll
0x00000000771a0000 - 0x00000000772bf000 	C:\Windows\system32\kernel32.dll
0x000007fefd2f0000 - 0x000007fefd35c000 	C:\Windows\system32\KERNELBASE.dll
0x000007fefd6a0000 - 0x000007fefd77b000 	C:\Windows\system32\ADVAPI32.dll
0x000007fefe120000 - 0x000007fefe1bf000 	C:\Windows\system32\msvcrt.dll
0x000007fefd780000 - 0x000007fefd79f000 	C:\Windows\SYSTEM32\sechost.dll
0x000007fefd440000 - 0x000007fefd56d000 	C:\Windows\system32\RPCRT4.dll
0x00000000770a0000 - 0x000000007719a000 	C:\Windows\system32\USER32.dll
0x000007fefe010000 - 0x000007fefe077000 	C:\Windows\system32\GDI32.dll
0x000007fefdb40000 - 0x000007fefdb4e000 	C:\Windows\system32\LPK.dll
0x000007fefd7a0000 - 0x000007fefd869000 	C:\Windows\system32\USP10.dll
0x000007fefb690000 - 0x000007fefb884000 	C:\Windows\WinSxS\amd64_microsoft.windows.common-controls_6595b64144ccf1df_6.0.7601.18807_none_fa381d5f175bfb52\COMCTL32.dll
0x000007fefe210000 - 0x000007fefe281000 	C:\Windows\system32\SHLWAPI.dll
0x000007feff100000 - 0x000007feff12e000 	C:\Windows\system32\IMM32.DLL
0x000007fefd590000 - 0x000007fefd699000 	C:\Windows\system32\MSCTF.dll
0x000007fefcfb0000 - 0x000007fefcfe1000 	C:\Windows\system32\nvinitx.dll
0x000007fefcfa0000 - 0x000007fefcfac000 	C:\Windows\system32\VERSION.dll
0x000000000f000000 - 0x000000000f006000 	C:\Program Files\NVIDIA Corporation\CoProcManager\detoured.dll
0x000007fefad00000 - 0x000007fefad31000 	C:\Program Files\NVIDIA Corporation\CoProcManager\nvd3d9wrapx.dll
0x000007feff130000 - 0x000007feff307000 	C:\Windows\system32\SETUPAPI.dll
0x000007fefd3d0000 - 0x000007fefd406000 	C:\Windows\system32\CFGMGR32.dll
0x000007feff020000 - 0x000007feff0f7000 	C:\Windows\system32\OLEAUT32.dll
0x000007fefdb50000 - 0x000007fefdd53000 	C:\Windows\system32\ole32.dll
0x000007fefd420000 - 0x000007fefd43a000 	C:\Windows\system32\DEVOBJ.dll
0x000007fefabb0000 - 0x000007fefabd2000 	C:\Program Files\NVIDIA Corporation\CoProcManager\nvdxgiwrapx.dll
0x000000005b560000 - 0x000000005b632000 	D:\Programy\Java\jre7\bin\msvcr100.dll
0x00000000501b0000 - 0x0000000050982000 	D:\Programy\Java\jre7\bin\server\jvm.dll
0x000007feeb440000 - 0x000007feeb449000 	C:\Windows\system32\WSOCK32.dll
0x000007fefe1c0000 - 0x000007fefe20d000 	C:\Windows\system32\WS2_32.dll
0x000007feff370000 - 0x000007feff378000 	C:\Windows\system32\NSI.dll
0x000007fefb190000 - 0x000007fefb1cb000 	C:\Windows\system32\WINMM.dll
0x0000000077480000 - 0x0000000077487000 	C:\Windows\system32\PSAPI.DLL
0x0000000072840000 - 0x000000007284f000 	D:\Programy\Java\jre7\bin\verify.dll
0x00000000659e0000 - 0x0000000065a08000 	D:\Programy\Java\jre7\bin\java.dll
0x0000000065b90000 - 0x0000000065ba5000 	D:\Programy\Java\jre7\bin\zip.dll
0x000000005b1c0000 - 0x000000005b355000 	D:\Programy\Java\jre7\bin\awt.dll
0x000007fefb5a0000 - 0x000007fefb5f6000 	C:\Windows\system32\uxtheme.dll
0x0000000072e60000 - 0x0000000072e66000 	C:\Program Files\ESET\ESET NOD32 Antivirus\eplgHooks.dll
0x000007fefabe0000 - 0x000007fefabf8000 	C:\Windows\system32\dwmapi.dll
0x000007fefce70000 - 0x000007fefce7f000 	C:\Windows\system32\CRYPTBASE.dll
0x000007fefe290000 - 0x000007feff019000 	C:\Windows\system32\SHELL32.dll
0x000007fefc830000 - 0x000007fefc848000 	C:\Windows\system32\CRYPTSP.dll
0x000007fefc530000 - 0x000007fefc577000 	C:\Windows\system32\rsaenh.dll
0x000007fefd0a0000 - 0x000007fefd0be000 	C:\Windows\system32\USERENV.dll
0x000007fefd090000 - 0x000007fefd09f000 	C:\Windows\system32\profapi.dll
0x0000000065b70000 - 0x0000000065b89000 	D:\Programy\Java\jre7\bin\net.dll
0x000007fefc7d0000 - 0x000007fefc825000 	C:\Windows\system32\mswsock.dll
0x000007fefc7c0000 - 0x000007fefc7c7000 	C:\Windows\System32\wship6.dll
0x000007fefae60000 - 0x000007fefae87000 	C:\Windows\system32\IPHLPAPI.DLL
0x000007fefadd0000 - 0x000007fefaddb000 	C:\Windows\system32\WINNSI.DLL
0x000007fefaaf0000 - 0x000007fefab01000 	C:\Windows\system32\dhcpcsvc6.DLL
0x000007fefab50000 - 0x000007fefab68000 	C:\Windows\system32\dhcpcsvc.DLL
0x0000000065aa0000 - 0x0000000065ab1000 	D:\Programy\Java\jre7\bin\nio.dll
0x000007fefcf20000 - 0x000007fefcf77000 	C:\Windows\system32\apphelp.dll
0x00000000637c0000 - 0x00000000637cd000 	C:\Users\Sawik\AppData\Local\Temp\jogamp_0000\file_cache\jln4750684860692654230\jln1839858544716388259\gluegen-rt.dll
0x0000000072850000 - 0x0000000072857000 	D:\Programy\Java\jre7\bin\jawt.dll
0x000000006a440000 - 0x000000006a44d000 	C:\Users\Sawik\AppData\Local\Temp\jogamp_0000\file_cache\jln4750684860692654230\jln1839858544716388259\nativewindow_awt.dll
0x000000006c100000 - 0x000000006c10f000 	C:\Users\Sawik\AppData\Local\Temp\jogamp_0000\file_cache\jln4750684860692654230\jln1839858544716388259\nativewindow_win32.dll
0x000007fedd930000 - 0x000007fedda4d000 	C:\Windows\system32\OpenGL32.dll
0x000007fedd730000 - 0x000007fedd75d000 	C:\Windows\system32\GLU32.dll
0x000007feed7b0000 - 0x000007feed8a1000 	C:\Windows\system32\DDRAW.dll
0x000007fefa310000 - 0x000007fefa318000 	C:\Windows\system32\DCIMAN32.dll
0x0000000064500000 - 0x00000000645ae000 	C:\Users\Sawik\AppData\Local\Temp\jogamp_0000\file_cache\jln4750684860692654230\jln1839858544716388259\jogl_desktop.dll
0x0000000064340000 - 0x00000000643a0000 	C:\Users\Sawik\AppData\Local\Temp\jogamp_0000\file_cache\jln4750684860692654230\jln1839858544716388259\jogl_mobile.dll
0x000007fefd360000 - 0x000007fefd39b000 	C:\Windows\system32\WINTRUST.dll
0x000007fefd160000 - 0x000007fefd2cd000 	C:\Windows\system32\CRYPT32.dll
0x000007fefd080000 - 0x000007fefd08f000 	C:\Windows\system32\MSASN1.dll
0x000007fed8c20000 - 0x000007fed9545000 	C:\Windows\system32\ig75icd64.dll
0x000007fef42a0000 - 0x000007fef4c67000 	C:\Windows\system32\igdusc64.dll
0x000007fefc290000 - 0x000007fefc2a1000 	C:\Windows\system32\WTSAPI32.dll
0x0000000063570000 - 0x00000000635b7000 	D:\Programy\Java\jre7\bin\fontmanager.dll
0x000007fef6020000 - 0x000007fef6145000 	C:\Windows\system32\dbghelp.dll

VM Arguments:
jvm_args: -Djava.library.path=D:\Programy\eclipse\Biblioteki\JOGL\lib;D:\Programy\eclipse\Biblioteki\JOGL\lib;D:\Programy\eclipse\Biblioteki\JOGL\lib -Dfile.encoding=Cp1250 
java_command: Main
Launcher Type: SUN_STANDARD

Environment Variables:
PATH=C:/Program Files/Java/jre1.8.0_45/bin/server;C:/Program Files/Java/jre1.8.0_45/bin;C:/Program Files/Java/jre1.8.0_45/lib/amd64;C:\ProgramData\Oracle\Java\javapath;C:\Program Files (x86)\Intel\iCLS Client\;C:\Program Files\Intel\iCLS Client\;C:\Windows\system32;C:\Windows;C:\Windows\System32\Wbem;C:\Windows\System32\WindowsPowerShell\v1.0\;C:\Program Files\Intel\Intel(R) Management Engine Components\DAL;C:\Program Files\Intel\Intel(R) Management Engine Components\IPT;C:\Program Files (x86)\Intel\Intel(R) Management Engine Components\DAL;C:\Program Files (x86)\Intel\Intel(R) Management Engine Components\IPT;C:\Program Files\Intel\WiFi\bin\;C:\Program Files\Common Files\Intel\WirelessCommon\;D:\Programy\Matlab\runtime\win64;D:\Programy\Matlab\bin;D:\Programy\Matlab\polyspace\bin;C:\Program Files (x86)\Windows Kits\8.1\Windows Performance Toolkit\;C:\Program Files\Microsoft SQL Server\110\Tools\Binn\;C:\Program Files (x86)\QuickTime\QTSystem\;C:\Program Files (x86)\NVIDIA Corporation\PhysX\Common;D:\Programy\Skype\Phone\;C:\Program Files\Intel\WiFi\bin\;C:\Program Files\Common Files\Intel\WirelessCommon\;D:\Programy\eclipse;
USERNAME=Sawik
OS=Windows_NT
PROCESSOR_IDENTIFIER=Intel64 Family 6 Model 60 Stepping 3, GenuineIntel



---------------  S Y S T E M  ---------------

OS: Windows 7 , 64 bit Build 7601 Service Pack 1

CPU:total 8 (4 cores per cpu, 2 threads per core) family 6 model 60 stepping 3, cmov, cx8, fxsr, mmx, sse, sse2, sse3, ssse3, sse4.1, sse4.2, popcnt, avx, avx2, aes, erms, ht, tsc, tscinvbit

Memory: 4k page, physical 8306916k(3490668k free), swap 16611996k(10131764k free)

vm_info: Java HotSpot(TM) 64-Bit Server VM (24.65-b04) for windows-amd64 JRE (1.7.0_67-b01), built on Jul 25 2014 08:55:00 by "java_re" with unknown MS VC++:1600

time: Thu May 21 22:12:02 2015
elapsed time: 1 seconds

