#
# A fatal error has been detected by the Java Runtime Environment:
#
#  EXCEPTION_ACCESS_VIOLATION (0xc0000005) at pc=0x000007fed6acd58f, pid=5092, tid=6032
#
# JRE version: Java(TM) SE Runtime Environment (7.0_67-b01) (build 1.7.0_67-b01)
# Java VM: Java HotSpot(TM) 64-Bit Server VM (24.65-b04 mixed mode windows-amd64 compressed oops)
# Problematic frame:
# C  [ig75icd64.dll+0x27d58f]
#
# Failed to write core dump. Minidumps are not enabled by default on client versions of Windows
#
# If you would like to submit a bug report, please visit:
#   http://bugreport.sun.com/bugreport/crash.jsp
# The crash happened outside the Java Virtual Machine in native code.
# See problematic frame for where to report the bug.
#

---------------  T H R E A D  ---------------

Current thread (0x000000000c488000):  JavaThread "AWT-EventQueue-0" [_thread_in_native, id=6032, stack(0x000000000e5f0000,0x000000000e6f0000)]

siginfo: ExceptionCode=0xc0000005, reading address 0x0000000000000028

Registers:
RAX=0x0000000000000028, RBX=0x00000000024e0c84, RCX=0x0000000000000028, RDX=0x000000000ef24700
RSP=0x000000000e6e9f80, RBP=0x000000000e6ea080, RSI=0x0000000000000002, RDI=0x000000000ee5e000
R8 =0x0000000000000010, R9 =0x00000000024e0c80, R10=0x0000000000000001, R11=0x00000000024e0c94
R12=0x000000000ef24b80, R13=0x000000000ef24a00, R14=0x00000000024e0c88, R15=0x00000000024e0c94
RIP=0x000007fed6acd58f, EFLAGS=0x0000000000010206

Top of Stack: (sp=0x000000000e6e9f80)
0x000000000e6e9f80:   000000000e6ea038 000007fef4036920
0x000000000e6e9f90:   0000000000000002 0000000000000030
0x000000000e6e9fa0:   0000000011d9ed38 0000000000000000
0x000000000e6e9fb0:   0000000000000013 0000000016000016
0x000000000e6e9fc0:   0000000000000c20 0000000011da85e8
0x000000000e6e9fd0:   0000000000000ca0 00000000000000bc
0x000000000e6e9fe0:   0000000000000000 0000000077940101
0x000000000e6e9ff0:   00000000119e2170 00000000000004b0
0x000000000e6ea000:   0000000011da85e0 0000000000000000
0x000000000e6ea010:   000000000e6ea300 00000000024e0c80
0x000000000e6ea020:   00000000004d0158 0000000097000097
0x000000000e6ea030:   0000000000001004 0000000000000000
0x000000000e6ea040:   0000000000000000 0000000000000002
0x000000000e6ea050:   00000000024e0c94 000000007794fe63
0x000000000e6ea060:   0000000000000c94 0000000000000000
0x000000000e6ea070:   0000000011dbdca0 0000000000000000 

Instructions: (pc=0x000007fed6acd58f)
0x000007fed6acd56f:   85 f8 08 00 00 48 89 44 24 70 48 8b 80 c8 00 00
0x000007fed6acd57f:   00 48 89 45 e8 48 8b c8 e8 24 41 f1 ff 48 8b c8
0x000007fed6acd58f:   48 8b 30 48 85 f6 0f 84 b8 03 00 00 80 7e 30 00
0x000007fed6acd59f:   74 06 48 8b 76 28 eb 04 48 8b 76 20 48 85 f6 0f 


Register to memory mapping:

RAX=0x0000000000000028 is an unknown value
RBX=0x00000000024e0c84 is an unknown value
RCX=0x0000000000000028 is an unknown value
RDX=0x000000000ef24700 is an unknown value
RSP=0x000000000e6e9f80 is pointing into the stack for thread: 0x000000000c488000
RBP=0x000000000e6ea080 is pointing into the stack for thread: 0x000000000c488000
RSI=0x0000000000000002 is an unknown value
RDI=0x000000000ee5e000 is an unknown value
R8 =0x0000000000000010 is an unknown value
R9 =0x00000000024e0c80 is an unknown value
R10=0x0000000000000001 is an unknown value
R11=0x00000000024e0c94 is an unknown value
R12=0x000000000ef24b80 is an unknown value
R13=0x000000000ef24a00 is an unknown value
R14=0x00000000024e0c88 is an unknown value
R15=0x00000000024e0c94 is an unknown value


Stack: [0x000000000e5f0000,0x000000000e6f0000],  sp=0x000000000e6e9f80,  free space=999k
Native frames: (J=compiled Java code, j=interpreted, Vv=VM code, C=native code)
C  [ig75icd64.dll+0x27d58f]

Java frames: (J=compiled Java code, j=interpreted, Vv=VM code)
j  jogamp.opengl.gl4.GL4bcImpl.dispatch_glDrawArrays1(IIIJ)V+0
j  jogamp.opengl.gl4.GL4bcImpl.glDrawArrays(III)V+45
j  VBO.renderVBO(Lcom/jogamp/opengl/GL2;)V+77
j  Renderer.display(Lcom/jogamp/opengl/GLAutoDrawable;)V+94
j  jogamp.opengl.GLDrawableHelper.displayImpl(Lcom/jogamp/opengl/GLAutoDrawable;)V+81
j  jogamp.opengl.GLDrawableHelper.display(Lcom/jogamp/opengl/GLAutoDrawable;)V+2
j  com.jogamp.opengl.awt.GLCanvas$11.run()V+118
j  jogamp.opengl.GLDrawableHelper.invokeGLImpl(Lcom/jogamp/opengl/GLDrawable;Lcom/jogamp/opengl/GLContext;Ljava/lang/Runnable;Ljava/lang/Runnable;)V+203
j  jogamp.opengl.GLDrawableHelper.invokeGL(Lcom/jogamp/opengl/GLDrawable;Lcom/jogamp/opengl/GLContext;Ljava/lang/Runnable;Ljava/lang/Runnable;)V+72
j  com.jogamp.opengl.awt.GLCanvas$12.run()V+104
j  com.jogamp.opengl.Threading.invoke(ZLjava/lang/Runnable;Ljava/lang/Object;)V+27
j  com.jogamp.opengl.awt.GLCanvas.display()V+64
j  com.jogamp.opengl.awt.GLCanvas.paint(Ljava/awt/Graphics;)V+137
j  sun.awt.RepaintArea.paintComponent(Ljava/awt/Component;Ljava/awt/Graphics;)V+6
j  sun.awt.RepaintArea.paint(Ljava/lang/Object;Z)V+326
j  sun.awt.windows.WComponentPeer.handleEvent(Ljava/awt/AWTEvent;)V+155
j  java.awt.Component.dispatchEventImpl(Ljava/awt/AWTEvent;)V+869
j  java.awt.Component.dispatchEvent(Ljava/awt/AWTEvent;)V+2
j  java.awt.EventQueue.dispatchEventImpl(Ljava/awt/AWTEvent;Ljava/lang/Object;)V+41
j  java.awt.EventQueue.access$200(Ljava/awt/EventQueue;Ljava/awt/AWTEvent;Ljava/lang/Object;)V+3
j  java.awt.EventQueue$3.run()Ljava/lang/Void;+12
j  java.awt.EventQueue$3.run()Ljava/lang/Object;+1
v  ~StubRoutines::call_stub
j  java.security.AccessController.doPrivileged(Ljava/security/PrivilegedAction;Ljava/security/AccessControlContext;)Ljava/lang/Object;+0
j  java.security.ProtectionDomain$1.doIntersectionPrivilege(Ljava/security/PrivilegedAction;Ljava/security/AccessControlContext;Ljava/security/AccessControlContext;)Ljava/lang/Object;+28
j  java.security.ProtectionDomain$1.doIntersectionPrivilege(Ljava/security/PrivilegedAction;Ljava/security/AccessControlContext;)Ljava/lang/Object;+6
j  java.awt.EventQueue$4.run()Ljava/lang/Void;+11
j  java.awt.EventQueue$4.run()Ljava/lang/Object;+1
v  ~StubRoutines::call_stub
j  java.security.AccessController.doPrivileged(Ljava/security/PrivilegedAction;Ljava/security/AccessControlContext;)Ljava/lang/Object;+0
j  java.security.ProtectionDomain$1.doIntersectionPrivilege(Ljava/security/PrivilegedAction;Ljava/security/AccessControlContext;Ljava/security/AccessControlContext;)Ljava/lang/Object;+28
j  java.awt.EventQueue.dispatchEvent(Ljava/awt/AWTEvent;)V+73
j  java.awt.EventDispatchThread.pumpOneEventForFilters(I)V+245
j  java.awt.EventDispatchThread.pumpEventsForFilter(ILjava/awt/Conditional;Ljava/awt/EventFilter;)V+35
j  java.awt.EventDispatchThread.pumpEventsForHierarchy(ILjava/awt/Conditional;Ljava/awt/Component;)V+11
j  java.awt.EventDispatchThread.pumpEvents(ILjava/awt/Conditional;)V+4
j  java.awt.EventDispatchThread.pumpEvents(Ljava/awt/Conditional;)V+3
j  java.awt.EventDispatchThread.run()V+9
v  ~StubRoutines::call_stub

---------------  P R O C E S S  ---------------

Java Threads: ( => current thread )
  0x000000000c6d4000 JavaThread "AWT-EventQueue-0-SharedResourceRunner" daemon [_thread_blocked, id=6296, stack(0x000000000e700000,0x000000000e800000)]
  0x00000000024ae000 JavaThread "DestroyJavaVM" [_thread_blocked, id=6204, stack(0x00000000026e0000,0x00000000027e0000)]
=>0x000000000c488000 JavaThread "AWT-EventQueue-0" [_thread_in_native, id=6032, stack(0x000000000e5f0000,0x000000000e6f0000)]
  0x000000000c40a800 JavaThread "AWT-Windows" daemon [_thread_in_native, id=5824, stack(0x000000000e090000,0x000000000e190000)]
  0x000000000c409800 JavaThread "AWT-Shutdown" [_thread_blocked, id=4176, stack(0x000000000e250000,0x000000000e350000)]
  0x000000000c409000 JavaThread "Java2D Disposer" daemon [_thread_blocked, id=4508, stack(0x000000000df80000,0x000000000e080000)]
  0x000000000b30e800 JavaThread "Service Thread" daemon [_thread_blocked, id=6508, stack(0x000000000daa0000,0x000000000dba0000)]
  0x000000000b30c000 JavaThread "C2 CompilerThread1" daemon [_thread_blocked, id=2488, stack(0x000000000dc10000,0x000000000dd10000)]
  0x000000000b305000 JavaThread "C2 CompilerThread0" daemon [_thread_blocked, id=5160, stack(0x000000000d920000,0x000000000da20000)]
  0x000000000b303000 JavaThread "Attach Listener" daemon [_thread_blocked, id=3860, stack(0x000000000d550000,0x000000000d650000)]
  0x000000000b302800 JavaThread "Signal Dispatcher" daemon [_thread_blocked, id=4612, stack(0x000000000d300000,0x000000000d400000)]
  0x000000000b2f1800 JavaThread "Finalizer" daemon [_thread_blocked, id=1320, stack(0x000000000d770000,0x000000000d870000)]
  0x0000000002496800 JavaThread "Reference Handler" daemon [_thread_blocked, id=2792, stack(0x000000000d650000,0x000000000d750000)]

Other Threads:
  0x000000000b2ee000 VMThread [stack: 0x000000000d440000,0x000000000d540000] [id=5204]
  0x000000000b30f800 WatcherThread [stack: 0x000000000dd40000,0x000000000de40000] [id=1276]

VM state:not at safepoint (normal execution)

VM Mutex/Monitor currently owned by a thread: None

Heap
 PSYoungGen      total 38400K, used 17907K [0x00000007d5b00000, 0x00000007d8580000, 0x0000000800000000)
  eden space 33280K, 39% used [0x00000007d5b00000,0x00000007d67ca5c0,0x00000007d7b80000)
  from space 5120K, 93% used [0x00000007d7b80000,0x00000007d8032950,0x00000007d8080000)
  to   space 5120K, 0% used [0x00000007d8080000,0x00000007d8080000,0x00000007d8580000)
 ParOldGen       total 86528K, used 0K [0x0000000781200000, 0x0000000786680000, 0x00000007d5b00000)
  object space 86528K, 0% used [0x0000000781200000,0x0000000781200000,0x0000000786680000)
 PSPermGen       total 21504K, used 14927K [0x000000077c000000, 0x000000077d500000, 0x0000000781200000)
  object space 21504K, 69% used [0x000000077c000000,0x000000077ce93fb8,0x000000077d500000)

Card table byte_map: [0x00000000057e0000,0x0000000005c10000] byte_map_base: 0x0000000001c00000

Polling page: 0x00000000004b0000

Code Cache  [0x00000000027e0000, 0x0000000002a50000, 0x00000000057e0000)
 total_blobs=844 nmethods=69 adapters=727 free_code_cache=48312Kb largest_free_block=49466560

Compilation events (10 events):
Event: 3.687 Thread 0x000000000b30c000 nmethod 65 0x00000000028a9710 code [0x00000000028a9860, 0x00000000028a9958]
Event: 3.707 Thread 0x000000000b30c000   66             sun.misc.FloatingDecimal::countBits (80 bytes)
Event: 3.709 Thread 0x000000000b30c000 nmethod 66 0x00000000028a6210 code [0x00000000028a6340, 0x00000000028a6418]
Event: 3.710 Thread 0x000000000b305000 nmethod 63 0x00000000028adf50 code [0x00000000028ae1e0, 0x00000000028af2c8]
Event: 3.711 Thread 0x000000000b30c000   67             sun.nio.cs.SingleByte$Encoder::encodeArrayLoop (236 bytes)
Event: 3.729 Thread 0x000000000b30c000 nmethod 67 0x00000000028ab610 code [0x00000000028ab7a0, 0x00000000028abee0]
Event: 3.732 Thread 0x000000000b305000   68             java.lang.StringBuilder::append (8 bytes)
Event: 3.737 Thread 0x000000000b30c000   69             java.lang.AbstractStringBuilder::append (62 bytes)
Event: 3.743 Thread 0x000000000b305000 nmethod 68 0x00000000028aacd0 code [0x00000000028aae40, 0x00000000028ab2c8]
Event: 3.747 Thread 0x000000000b30c000 nmethod 69 0x00000000028b2810 code [0x00000000028b2980, 0x00000000028b2df8]

GC Heap History (2 events):
Event: 3.259 GC heap before
{Heap before GC invocations=1 (full 0):
 PSYoungGen      total 38400K, used 33280K [0x00000007d5b00000, 0x00000007d8580000, 0x0000000800000000)
  eden space 33280K, 100% used [0x00000007d5b00000,0x00000007d7b80000,0x00000007d7b80000)
  from space 5120K, 0% used [0x00000007d8080000,0x00000007d8080000,0x00000007d8580000)
  to   space 5120K, 0% used [0x00000007d7b80000,0x00000007d7b80000,0x00000007d8080000)
 ParOldGen       total 86528K, used 0K [0x0000000781200000, 0x0000000786680000, 0x00000007d5b00000)
  object space 86528K, 0% used [0x0000000781200000,0x0000000781200000,0x0000000786680000)
 PSPermGen       total 21504K, used 13239K [0x000000077c000000, 0x000000077d500000, 0x0000000781200000)
  object space 21504K, 61% used [0x000000077c000000,0x000000077ccedc58,0x000000077d500000)
Event: 3.280 GC heap after
Heap after GC invocations=1 (full 0):
 PSYoungGen      total 38400K, used 4810K [0x00000007d5b00000, 0x00000007d8580000, 0x0000000800000000)
  eden space 33280K, 0% used [0x00000007d5b00000,0x00000007d5b00000,0x00000007d7b80000)
  from space 5120K, 93% used [0x00000007d7b80000,0x00000007d8032950,0x00000007d8080000)
  to   space 5120K, 0% used [0x00000007d8080000,0x00000007d8080000,0x00000007d8580000)
 ParOldGen       total 86528K, used 0K [0x0000000781200000, 0x0000000786680000, 0x00000007d5b00000)
  object space 86528K, 0% used [0x0000000781200000,0x0000000781200000,0x0000000786680000)
 PSPermGen       total 21504K, used 13239K [0x000000077c000000, 0x000000077d500000, 0x0000000781200000)
  object space 21504K, 61% used [0x000000077c000000,0x000000077ccedc58,0x000000077d500000)
}

Deoptimization events (5 events):
Event: 2.938 Thread 0x000000000c6d4000 Uncommon trap: reason=unreached action=reinterpret pc=0x00000000028994c4 method=java.lang.Class.searchFields([Ljava/lang/reflect/Field;Ljava/lang/String;)Ljava/lang/reflect/Field; @ 23
Event: 3.459 Thread 0x000000000c488000 Uncommon trap: reason=bimorphic action=maybe_recompile pc=0x00000000028917ec method=java.util.HashMap.getEntry(Ljava/lang/Object;)Ljava/util/HashMap$Entry; @ 68
Event: 3.459 Thread 0x000000000c488000 Uncommon trap: reason=bimorphic action=maybe_recompile pc=0x00000000028917ec method=java.util.HashMap.getEntry(Ljava/lang/Object;)Ljava/util/HashMap$Entry; @ 68
Event: 3.459 Thread 0x000000000c488000 Uncommon trap: reason=bimorphic action=maybe_recompile pc=0x00000000028917ec method=java.util.HashMap.getEntry(Ljava/lang/Object;)Ljava/util/HashMap$Entry; @ 68
Event: 3.459 Thread 0x000000000c488000 Uncommon trap: reason=bimorphic action=maybe_recompile pc=0x00000000028917ec method=java.util.HashMap.getEntry(Ljava/lang/Object;)Ljava/util/HashMap$Entry; @ 68

Internal exceptions (10 events):
Event: 3.633 Thread 0x000000000c488000 Threw 0x00000007d62d49c8 at C:\re\jdk7u67\1368\hotspot\src\share\vm\prims\jvm.cpp:1244
Event: 3.635 Thread 0x000000000c488000 Threw 0x00000007d62da5f0 at C:\re\jdk7u67\1368\hotspot\src\share\vm\prims\jvm.cpp:1244
Event: 3.751 Thread 0x000000000c488000 Threw 0x00000007d674b570 at C:\re\jdk7u67\1368\hotspot\src\share\vm\prims\jvm.cpp:1244
Event: 3.754 Thread 0x000000000c488000 Threw 0x00000007d674ea40 at C:\re\jdk7u67\1368\hotspot\src\share\vm\prims\jvm.cpp:1244
Event: 3.758 Thread 0x000000000c488000 Threw 0x00000007d6764608 at C:\re\jdk7u67\1368\hotspot\src\share\vm\prims\jvm.cpp:1244
Event: 3.761 Thread 0x000000000c488000 Threw 0x00000007d677c1b0 at C:\re\jdk7u67\1368\hotspot\src\share\vm\prims\jvm.cpp:1244
Event: 3.761 Thread 0x000000000c488000 Threw 0x00000007d677ecd8 at C:\re\jdk7u67\1368\hotspot\src\share\vm\prims\jvm.cpp:1244
Event: 3.762 Thread 0x000000000c488000 Threw 0x00000007d6781800 at C:\re\jdk7u67\1368\hotspot\src\share\vm\prims\jvm.cpp:1244
Event: 3.763 Thread 0x000000000c488000 Threw 0x00000007d6783cf8 at C:\re\jdk7u67\1368\hotspot\src\share\vm\prims\jvm.cpp:1244
Event: 3.764 Thread 0x000000000c488000 Threw 0x00000007d6786908 at C:\re\jdk7u67\1368\hotspot\src\share\vm\prims\jvm.cpp:1244

Events (10 events):
Event: 3.761 loading class 0x000000000f47eb80
Event: 3.761 loading class 0x000000000f47eb80 done
Event: 3.762 loading class 0x000000000f47ef00
Event: 3.762 loading class 0x000000000f47ef00 done
Event: 3.763 loading class 0x000000000f47e540
Event: 3.763 loading class 0x000000000f47e540 done
Event: 3.764 loading class 0x000000000f47e4c0
Event: 3.764 loading class 0x000000000f47e4c0 done
Event: 3.765 loading class 0x000000000b1642e0
Event: 3.766 loading class 0x000000000b1642e0 done


Dynamic libraries:
0x000000013f740000 - 0x000000013f773000 	D:\Programy\Java\jre7\bin\javaw.exe
0x0000000077900000 - 0x0000000077aa9000 	C:\Windows\SYSTEM32\ntdll.dll
0x00000000777e0000 - 0x00000000778ff000 	C:\Windows\system32\kernel32.dll
0x000007fefd800000 - 0x000007fefd86c000 	C:\Windows\system32\KERNELBASE.dll
0x000007feff730000 - 0x000007feff80b000 	C:\Windows\system32\ADVAPI32.dll
0x000007feffae0000 - 0x000007feffb7f000 	C:\Windows\system32\msvcrt.dll
0x000007feff3e0000 - 0x000007feff3ff000 	C:\Windows\SYSTEM32\sechost.dll
0x000007fefe920000 - 0x000007fefea4d000 	C:\Windows\system32\RPCRT4.dll
0x00000000776e0000 - 0x00000000777da000 	C:\Windows\system32\USER32.dll
0x000007feff6c0000 - 0x000007feff727000 	C:\Windows\system32\GDI32.dll
0x000007feffc00000 - 0x000007feffc0e000 	C:\Windows\system32\LPK.dll
0x000007fefedf0000 - 0x000007fefeeb9000 	C:\Windows\system32\USP10.dll
0x000007fefbc50000 - 0x000007fefbe44000 	C:\Windows\WinSxS\amd64_microsoft.windows.common-controls_6595b64144ccf1df_6.0.7601.18807_none_fa381d5f175bfb52\COMCTL32.dll
0x000007feffb80000 - 0x000007feffbf1000 	C:\Windows\system32\SHLWAPI.dll
0x000007feff040000 - 0x000007feff06e000 	C:\Windows\system32\IMM32.DLL
0x000007fefeed0000 - 0x000007fefefd9000 	C:\Windows\system32\MSCTF.dll
0x000007fefd5f0000 - 0x000007fefd621000 	C:\Windows\system32\nvinitx.dll
0x000007fefd5e0000 - 0x000007fefd5ec000 	C:\Windows\system32\VERSION.dll
0x000000000f000000 - 0x000000000f006000 	C:\Program Files\NVIDIA Corporation\CoProcManager\detoured.dll
0x000007fefb2f0000 - 0x000007fefb321000 	C:\Program Files\NVIDIA Corporation\CoProcManager\nvd3d9wrapx.dll
0x000007feff4e0000 - 0x000007feff6b7000 	C:\Windows\system32\SETUPAPI.dll
0x000007fefda40000 - 0x000007fefda76000 	C:\Windows\system32\CFGMGR32.dll
0x000007feff400000 - 0x000007feff4d7000 	C:\Windows\system32\OLEAUT32.dll
0x000007fefebe0000 - 0x000007fefede3000 	C:\Windows\system32\ole32.dll
0x000007fefd6f0000 - 0x000007fefd70a000 	C:\Windows\system32\DEVOBJ.dll
0x000007fefb230000 - 0x000007fefb252000 	C:\Program Files\NVIDIA Corporation\CoProcManager\nvdxgiwrapx.dll
0x0000000062a20000 - 0x0000000062af2000 	D:\Programy\Java\jre7\bin\msvcr100.dll
0x000000005a310000 - 0x000000005aae2000 	D:\Programy\Java\jre7\bin\server\jvm.dll
0x000007feed7c0000 - 0x000007feed7c9000 	C:\Windows\system32\WSOCK32.dll
0x000007fefe810000 - 0x000007fefe85d000 	C:\Windows\system32\WS2_32.dll
0x000007fefeec0000 - 0x000007fefeec8000 	C:\Windows\system32\NSI.dll
0x000007fefbb90000 - 0x000007fefbbcb000 	C:\Windows\system32\WINMM.dll
0x0000000077ad0000 - 0x0000000077ad7000 	C:\Windows\system32\PSAPI.DLL
0x0000000062a10000 - 0x0000000062a1f000 	D:\Programy\Java\jre7\bin\verify.dll
0x00000000629e0000 - 0x0000000062a08000 	D:\Programy\Java\jre7\bin\java.dll
0x00000000629c0000 - 0x00000000629d5000 	D:\Programy\Java\jre7\bin\zip.dll
0x0000000062820000 - 0x00000000629b5000 	D:\Programy\Java\jre7\bin\awt.dll
0x000007fefbb10000 - 0x000007fefbb66000 	C:\Windows\system32\uxtheme.dll
0x0000000073890000 - 0x0000000073896000 	C:\Program Files\ESET\ESET NOD32 Antivirus\eplgHooks.dll
0x000007fefb480000 - 0x000007fefb498000 	C:\Windows\system32\dwmapi.dll
0x000007fefd4b0000 - 0x000007fefd4bf000 	C:\Windows\system32\CRYPTBASE.dll
0x000007fefda80000 - 0x000007fefe809000 	C:\Windows\system32\SHELL32.dll
0x000007fefce70000 - 0x000007fefce88000 	C:\Windows\system32\CRYPTSP.dll
0x000007fefcb70000 - 0x000007fefcbb7000 	C:\Windows\system32\rsaenh.dll
0x000007fefd720000 - 0x000007fefd73e000 	C:\Windows\system32\USERENV.dll
0x000007fefd6c0000 - 0x000007fefd6cf000 	C:\Windows\system32\profapi.dll
0x0000000062800000 - 0x0000000062819000 	D:\Programy\Java\jre7\bin\net.dll
0x000007fefce10000 - 0x000007fefce65000 	C:\Windows\system32\mswsock.dll
0x000007fefce00000 - 0x000007fefce07000 	C:\Windows\System32\wship6.dll
0x000007fefb440000 - 0x000007fefb467000 	C:\Windows\system32\IPHLPAPI.DLL
0x000007fefb3f0000 - 0x000007fefb3fb000 	C:\Windows\system32\WINNSI.DLL
0x000007fefb150000 - 0x000007fefb168000 	C:\Windows\system32\dhcpcsvc.DLL
0x000007fefb130000 - 0x000007fefb141000 	C:\Windows\system32\dhcpcsvc6.DLL
0x00000000627e0000 - 0x00000000627f1000 	D:\Programy\Java\jre7\bin\nio.dll
0x000007fefd560000 - 0x000007fefd5b7000 	C:\Windows\system32\apphelp.dll
0x00000000637c0000 - 0x00000000637cd000 	C:\Users\Sawik\AppData\Local\Temp\jogamp_0000\file_cache\jln3102805949467674580\jln1807855835386045807\gluegen-rt.dll
0x00000000627d0000 - 0x00000000627d7000 	D:\Programy\Java\jre7\bin\jawt.dll
0x000000006a440000 - 0x000000006a44d000 	C:\Users\Sawik\AppData\Local\Temp\jogamp_0000\file_cache\jln3102805949467674580\jln1807855835386045807\nativewindow_awt.dll
0x000000006c100000 - 0x000000006c10f000 	C:\Users\Sawik\AppData\Local\Temp\jogamp_0000\file_cache\jln3102805949467674580\jln1807855835386045807\nativewindow_win32.dll
0x000007fedfc20000 - 0x000007fedfd3d000 	C:\Windows\system32\OpenGL32.dll
0x000007feed740000 - 0x000007feed76d000 	C:\Windows\system32\GLU32.dll
0x000007feedf00000 - 0x000007feedff1000 	C:\Windows\system32\DDRAW.dll
0x000007fefa370000 - 0x000007fefa378000 	C:\Windows\system32\DCIMAN32.dll
0x0000000064500000 - 0x00000000645ae000 	C:\Users\Sawik\AppData\Local\Temp\jogamp_0000\file_cache\jln3102805949467674580\jln1807855835386045807\jogl_desktop.dll
0x0000000064340000 - 0x00000000643a0000 	C:\Users\Sawik\AppData\Local\Temp\jogamp_0000\file_cache\jln3102805949467674580\jln1807855835386045807\jogl_mobile.dll
0x000007fefda00000 - 0x000007fefda3b000 	C:\Windows\system32\WINTRUST.dll
0x000007fefd890000 - 0x000007fefd9fd000 	C:\Windows\system32\CRYPT32.dll
0x000007fefd6d0000 - 0x000007fefd6df000 	C:\Windows\system32\MSASN1.dll
0x000007fed6850000 - 0x000007fed7175000 	C:\Windows\system32\ig75icd64.dll
0x000007fef3fa0000 - 0x000007fef4967000 	C:\Windows\system32\igdusc64.dll
0x000007fefc8d0000 - 0x000007fefc8e1000 	C:\Windows\system32\WTSAPI32.dll
0x0000000062780000 - 0x00000000627c7000 	D:\Programy\Java\jre7\bin\fontmanager.dll
0x000007fef71b0000 - 0x000007fef72d5000 	C:\Windows\system32\dbghelp.dll

VM Arguments:
jvm_args: -Djava.library.path=D:\Programy\eclipse\Biblioteki\JOGL\lib;D:\Programy\eclipse\Biblioteki\JOGL\lib;D:\Programy\eclipse\Biblioteki\JOGL\lib -Dfile.encoding=Cp1250 
java_command: Main
Launcher Type: SUN_STANDARD

Environment Variables:
PATH=C:/Program Files/Java/jre1.8.0_45/bin/server;C:/Program Files/Java/jre1.8.0_45/bin;C:/Program Files/Java/jre1.8.0_45/lib/amd64;C:\ProgramData\Oracle\Java\javapath;C:\Program Files (x86)\Intel\iCLS Client\;C:\Program Files\Intel\iCLS Client\;C:\Windows\system32;C:\Windows;C:\Windows\System32\Wbem;C:\Windows\System32\WindowsPowerShell\v1.0\;C:\Program Files\Intel\Intel(R) Management Engine Components\DAL;C:\Program Files\Intel\Intel(R) Management Engine Components\IPT;C:\Program Files (x86)\Intel\Intel(R) Management Engine Components\DAL;C:\Program Files (x86)\Intel\Intel(R) Management Engine Components\IPT;C:\Program Files\Intel\WiFi\bin\;C:\Program Files\Common Files\Intel\WirelessCommon\;D:\Programy\Matlab\runtime\win64;D:\Programy\Matlab\bin;D:\Programy\Matlab\polyspace\bin;C:\Program Files (x86)\Windows Kits\8.1\Windows Performance Toolkit\;C:\Program Files\Microsoft SQL Server\110\Tools\Binn\;C:\Program Files (x86)\QuickTime\QTSystem\;C:\Program Files (x86)\NVIDIA Corporation\PhysX\Common;D:\Programy\Skype\Phone\;C:\Program Files\Intel\WiFi\bin\;C:\Program Files\Common Files\Intel\WirelessCommon\;D:\Programy\eclipse;
USERNAME=Sawik
OS=Windows_NT
PROCESSOR_IDENTIFIER=Intel64 Family 6 Model 60 Stepping 3, GenuineIntel



---------------  S Y S T E M  ---------------

OS: Windows 7 , 64 bit Build 7601 Service Pack 1

CPU:total 8 (4 cores per cpu, 2 threads per core) family 6 model 60 stepping 3, cmov, cx8, fxsr, mmx, sse, sse2, sse3, ssse3, sse4.1, sse4.2, popcnt, avx, avx2, aes, erms, ht, tsc, tscinvbit

Memory: 4k page, physical 8306916k(4503196k free), swap 16611996k(12141848k free)

vm_info: Java HotSpot(TM) 64-Bit Server VM (24.65-b04) for windows-amd64 JRE (1.7.0_67-b01), built on Jul 25 2014 08:55:00 by "java_re" with unknown MS VC++:1600

time: Thu May 28 13:14:30 2015
elapsed time: 3 seconds

