#
# A fatal error has been detected by the Java Runtime Environment:
#
#  EXCEPTION_ACCESS_VIOLATION (0xc0000005) at pc=0x000007fed6acd58f, pid=6568, tid=6296
#
# JRE version: Java(TM) SE Runtime Environment (7.0_67-b01) (build 1.7.0_67-b01)
# Java VM: Java HotSpot(TM) 64-Bit Server VM (24.65-b04 mixed mode windows-amd64 compressed oops)
# Problematic frame:
# C  [ig75icd64.dll+0x27d58f]
#
# Failed to write core dump. Minidumps are not enabled by default on client versions of Windows
#
# If you would like to submit a bug report, please visit:
#   http://bugreport.sun.com/bugreport/crash.jsp
# The crash happened outside the Java Virtual Machine in native code.
# See problematic frame for where to report the bug.
#

---------------  T H R E A D  ---------------

Current thread (0x000000000c567800):  JavaThread "AWT-EventQueue-0" [_thread_in_native, id=6296, stack(0x000000000e510000,0x000000000e610000)]

siginfo: ExceptionCode=0xc0000005, reading address 0x0000000000000028

Registers:
RAX=0x0000000000000028, RBX=0x00000000024d0c84, RCX=0x0000000000000028, RDX=0x000000000da54700
RSP=0x000000000e60a3c0, RBP=0x000000000e60a4c0, RSI=0x0000000000000002, RDI=0x000000000d98e000
R8 =0x0000000000000010, R9 =0x00000000024d0c80, R10=0x0000000000000001, R11=0x00000000024d0c94
R12=0x000000000da54b80, R13=0x000000000da54a00, R14=0x00000000024d0c88, R15=0x00000000024d0c94
RIP=0x000007fed6acd58f, EFLAGS=0x0000000000010206

Top of Stack: (sp=0x000000000e60a3c0)
0x000000000e60a3c0:   000000000e60a478 000007fef4036920
0x000000000e60a3d0:   0000000000000002 0000000000000030
0x000000000e60a3e0:   0000000011e0f338 0000000000000000
0x000000000e60a3f0:   0000000000000013 0000000015000015
0x000000000e60a400:   0000000000000c20 0000000011e186d8
0x000000000e60a410:   0000000000000ca0 00000000000000bc
0x000000000e60a420:   0000000000000000 0000000077940101
0x000000000e60a430:   0000000011a52170 00000000000004a1
0x000000000e60a440:   0000000011e186d0 0000000000000000
0x000000000e60a450:   000000000e60a700 00000000024d0c80
0x000000000e60a460:   0000000000220158 0000000097000097
0x000000000e60a470:   0000000000001004 0000000000000000
0x000000000e60a480:   0000000000000000 0000000000000002
0x000000000e60a490:   00000000024d0c94 000000007794fe63
0x000000000e60a4a0:   0000000000000c94 0000000000000000
0x000000000e60a4b0:   0000000011e38910 0000000000000000 

Instructions: (pc=0x000007fed6acd58f)
0x000007fed6acd56f:   85 f8 08 00 00 48 89 44 24 70 48 8b 80 c8 00 00
0x000007fed6acd57f:   00 48 89 45 e8 48 8b c8 e8 24 41 f1 ff 48 8b c8
0x000007fed6acd58f:   48 8b 30 48 85 f6 0f 84 b8 03 00 00 80 7e 30 00
0x000007fed6acd59f:   74 06 48 8b 76 28 eb 04 48 8b 76 20 48 85 f6 0f 


Register to memory mapping:

RAX=0x0000000000000028 is an unknown value
RBX=0x00000000024d0c84 is an unknown value
RCX=0x0000000000000028 is an unknown value
RDX=0x000000000da54700 is an unknown value
RSP=0x000000000e60a3c0 is pointing into the stack for thread: 0x000000000c567800
RBP=0x000000000e60a4c0 is pointing into the stack for thread: 0x000000000c567800
RSI=0x0000000000000002 is an unknown value
RDI=0x000000000d98e000 is an unknown value
R8 =0x0000000000000010 is an unknown value
R9 =0x00000000024d0c80 is an unknown value
R10=0x0000000000000001 is an unknown value
R11=0x00000000024d0c94 is an unknown value
R12=0x000000000da54b80 is an unknown value
R13=0x000000000da54a00 is an unknown value
R14=0x00000000024d0c88 is an unknown value
R15=0x00000000024d0c94 is an unknown value


Stack: [0x000000000e510000,0x000000000e610000],  sp=0x000000000e60a3c0,  free space=1000k
Native frames: (J=compiled Java code, j=interpreted, Vv=VM code, C=native code)
C  [ig75icd64.dll+0x27d58f]

Java frames: (J=compiled Java code, j=interpreted, Vv=VM code)
j  jogamp.opengl.gl4.GL4bcImpl.dispatch_glDrawArrays1(IIIJ)V+0
j  jogamp.opengl.gl4.GL4bcImpl.glDrawArrays(III)V+45
j  VBO.renderVBO(Lcom/jogamp/opengl/GL2;)V+77
j  Renderer.display(Lcom/jogamp/opengl/GLAutoDrawable;)V+94
j  jogamp.opengl.GLDrawableHelper.displayImpl(Lcom/jogamp/opengl/GLAutoDrawable;)V+81
j  jogamp.opengl.GLDrawableHelper.display(Lcom/jogamp/opengl/GLAutoDrawable;)V+2
j  com.jogamp.opengl.awt.GLCanvas$11.run()V+118
j  jogamp.opengl.GLDrawableHelper.invokeGLImpl(Lcom/jogamp/opengl/GLDrawable;Lcom/jogamp/opengl/GLContext;Ljava/lang/Runnable;Ljava/lang/Runnable;)V+203
j  jogamp.opengl.GLDrawableHelper.invokeGL(Lcom/jogamp/opengl/GLDrawable;Lcom/jogamp/opengl/GLContext;Ljava/lang/Runnable;Ljava/lang/Runnable;)V+72
j  com.jogamp.opengl.awt.GLCanvas$12.run()V+104
j  com.jogamp.opengl.Threading.invoke(ZLjava/lang/Runnable;Ljava/lang/Object;)V+27
j  com.jogamp.opengl.awt.GLCanvas.display()V+64
j  com.jogamp.opengl.awt.GLCanvas.paint(Ljava/awt/Graphics;)V+137
j  sun.awt.RepaintArea.paintComponent(Ljava/awt/Component;Ljava/awt/Graphics;)V+6
j  sun.awt.RepaintArea.paint(Ljava/lang/Object;Z)V+326
j  sun.awt.windows.WComponentPeer.handleEvent(Ljava/awt/AWTEvent;)V+155
j  java.awt.Component.dispatchEventImpl(Ljava/awt/AWTEvent;)V+869
j  java.awt.Component.dispatchEvent(Ljava/awt/AWTEvent;)V+2
j  java.awt.EventQueue.dispatchEventImpl(Ljava/awt/AWTEvent;Ljava/lang/Object;)V+41
j  java.awt.EventQueue.access$200(Ljava/awt/EventQueue;Ljava/awt/AWTEvent;Ljava/lang/Object;)V+3
j  java.awt.EventQueue$3.run()Ljava/lang/Void;+12
j  java.awt.EventQueue$3.run()Ljava/lang/Object;+1
v  ~StubRoutines::call_stub
j  java.security.AccessController.doPrivileged(Ljava/security/PrivilegedAction;Ljava/security/AccessControlContext;)Ljava/lang/Object;+0
j  java.security.ProtectionDomain$1.doIntersectionPrivilege(Ljava/security/PrivilegedAction;Ljava/security/AccessControlContext;Ljava/security/AccessControlContext;)Ljava/lang/Object;+28
j  java.security.ProtectionDomain$1.doIntersectionPrivilege(Ljava/security/PrivilegedAction;Ljava/security/AccessControlContext;)Ljava/lang/Object;+6
j  java.awt.EventQueue$4.run()Ljava/lang/Void;+11
j  java.awt.EventQueue$4.run()Ljava/lang/Object;+1
v  ~StubRoutines::call_stub
j  java.security.AccessController.doPrivileged(Ljava/security/PrivilegedAction;Ljava/security/AccessControlContext;)Ljava/lang/Object;+0
j  java.security.ProtectionDomain$1.doIntersectionPrivilege(Ljava/security/PrivilegedAction;Ljava/security/AccessControlContext;Ljava/security/AccessControlContext;)Ljava/lang/Object;+28
j  java.awt.EventQueue.dispatchEvent(Ljava/awt/AWTEvent;)V+73
j  java.awt.EventDispatchThread.pumpOneEventForFilters(I)V+245
j  java.awt.EventDispatchThread.pumpEventsForFilter(ILjava/awt/Conditional;Ljava/awt/EventFilter;)V+35
j  java.awt.EventDispatchThread.pumpEventsForHierarchy(ILjava/awt/Conditional;Ljava/awt/Component;)V+11
j  java.awt.EventDispatchThread.pumpEvents(ILjava/awt/Conditional;)V+4
j  java.awt.EventDispatchThread.pumpEvents(Ljava/awt/Conditional;)V+3
j  java.awt.EventDispatchThread.run()V+9
v  ~StubRoutines::call_stub

---------------  P R O C E S S  ---------------

Java Threads: ( => current thread )
  0x000000000c6d2000 JavaThread "AWT-EventQueue-0-SharedResourceRunner" daemon [_thread_blocked, id=7120, stack(0x000000000ed10000,0x000000000ee10000)]
  0x000000000253e000 JavaThread "DestroyJavaVM" [_thread_blocked, id=5204, stack(0x0000000002690000,0x0000000002790000)]
=>0x000000000c567800 JavaThread "AWT-EventQueue-0" [_thread_in_native, id=6296, stack(0x000000000e510000,0x000000000e610000)]
  0x000000000c53e800 JavaThread "AWT-Windows" daemon [_thread_in_native, id=6384, stack(0x000000000e720000,0x000000000e820000)]
  0x000000000c53c000 JavaThread "AWT-Shutdown" [_thread_blocked, id=1472, stack(0x000000000e610000,0x000000000e710000)]
  0x000000000c53b000 JavaThread "Java2D Disposer" daemon [_thread_blocked, id=6812, stack(0x000000000e410000,0x000000000e510000)]
  0x000000000c48b000 JavaThread "Service Thread" daemon [_thread_blocked, id=592, stack(0x000000000e020000,0x000000000e120000)]
  0x000000000c484000 JavaThread "C2 CompilerThread1" daemon [_thread_blocked, id=1716, stack(0x000000000de60000,0x000000000df60000)]
  0x000000000b3e5000 JavaThread "C2 CompilerThread0" daemon [_thread_blocked, id=5936, stack(0x000000000dcb0000,0x000000000ddb0000)]
  0x000000000b3e3000 JavaThread "Attach Listener" daemon [_thread_blocked, id=4960, stack(0x000000000daa0000,0x000000000dba0000)]
  0x000000000b3e2000 JavaThread "Signal Dispatcher" daemon [_thread_blocked, id=6032, stack(0x000000000d860000,0x000000000d960000)]
  0x000000000b3d1800 JavaThread "Finalizer" daemon [_thread_blocked, id=5824, stack(0x000000000d720000,0x000000000d820000)]
  0x0000000002476800 JavaThread "Reference Handler" daemon [_thread_blocked, id=4176, stack(0x000000000d400000,0x000000000d500000)]

Other Threads:
  0x000000000b3ce000 VMThread [stack: 0x000000000d530000,0x000000000d630000] [id=4508]
  0x000000000c49d800 WatcherThread [stack: 0x000000000e230000,0x000000000e330000] [id=4980]

VM state:not at safepoint (normal execution)

VM Mutex/Monitor currently owned by a thread: None

Heap
 PSYoungGen      total 38400K, used 17936K [0x00000007d5b00000, 0x00000007d8580000, 0x0000000800000000)
  eden space 33280K, 39% used [0x00000007d5b00000,0x00000007d67cfd60,0x00000007d7b80000)
  from space 5120K, 94% used [0x00000007d7b80000,0x00000007d8034588,0x00000007d8080000)
  to   space 5120K, 0% used [0x00000007d8080000,0x00000007d8080000,0x00000007d8580000)
 ParOldGen       total 86528K, used 0K [0x0000000781200000, 0x0000000786680000, 0x00000007d5b00000)
  object space 86528K, 0% used [0x0000000781200000,0x0000000781200000,0x0000000786680000)
 PSPermGen       total 21504K, used 14927K [0x000000077c000000, 0x000000077d500000, 0x0000000781200000)
  object space 21504K, 69% used [0x000000077c000000,0x000000077ce93f90,0x000000077d500000)

Card table byte_map: [0x0000000005790000,0x0000000005bc0000] byte_map_base: 0x0000000001bb0000

Polling page: 0x0000000000320000

Code Cache  [0x0000000002790000, 0x0000000002a00000, 0x0000000005790000)
 total_blobs=844 nmethods=69 adapters=727 free_code_cache=48312Kb largest_free_block=49453632

Compilation events (10 events):
Event: 2.835 Thread 0x000000000c484000 nmethod 65 0x00000000028597d0 code [0x0000000002859920, 0x0000000002859a18]
Event: 2.847 Thread 0x000000000c484000   66             sun.misc.FloatingDecimal::countBits (80 bytes)
Event: 2.848 Thread 0x000000000c484000 nmethod 66 0x000000000285ac50 code [0x000000000285ad80, 0x000000000285ae58]
Event: 2.851 Thread 0x000000000c484000   67             sun.nio.cs.SingleByte$Encoder::encodeArrayLoop (236 bytes)
Event: 2.851 Thread 0x000000000b3e5000 nmethod 63 0x000000000285f8d0 code [0x000000000285fb60, 0x0000000002860c48]
Event: 2.864 Thread 0x000000000c484000 nmethod 67 0x000000000285b6d0 code [0x000000000285b860, 0x000000000285bfa0]
Event: 2.877 Thread 0x000000000c484000   69             java.lang.AbstractStringBuilder::append (62 bytes)
Event: 2.877 Thread 0x000000000b3e5000   68             java.lang.StringBuilder::append (8 bytes)
Event: 2.884 Thread 0x000000000c484000 nmethod 69 0x0000000002865d10 code [0x0000000002865e80, 0x00000000028662f8]
Event: 2.885 Thread 0x000000000b3e5000 nmethod 68 0x0000000002858650 code [0x00000000028587c0, 0x0000000002858c48]

GC Heap History (2 events):
Event: 2.533 GC heap before
{Heap before GC invocations=1 (full 0):
 PSYoungGen      total 38400K, used 33280K [0x00000007d5b00000, 0x00000007d8580000, 0x0000000800000000)
  eden space 33280K, 100% used [0x00000007d5b00000,0x00000007d7b80000,0x00000007d7b80000)
  from space 5120K, 0% used [0x00000007d8080000,0x00000007d8080000,0x00000007d8580000)
  to   space 5120K, 0% used [0x00000007d7b80000,0x00000007d7b80000,0x00000007d8080000)
 ParOldGen       total 86528K, used 0K [0x0000000781200000, 0x0000000786680000, 0x00000007d5b00000)
  object space 86528K, 0% used [0x0000000781200000,0x0000000781200000,0x0000000786680000)
 PSPermGen       total 21504K, used 13239K [0x000000077c000000, 0x000000077d500000, 0x0000000781200000)
  object space 21504K, 61% used [0x000000077c000000,0x000000077ccedd90,0x000000077d500000)
Event: 2.549 GC heap after
Heap after GC invocations=1 (full 0):
 PSYoungGen      total 38400K, used 4817K [0x00000007d5b00000, 0x00000007d8580000, 0x0000000800000000)
  eden space 33280K, 0% used [0x00000007d5b00000,0x00000007d5b00000,0x00000007d7b80000)
  from space 5120K, 94% used [0x00000007d7b80000,0x00000007d8034588,0x00000007d8080000)
  to   space 5120K, 0% used [0x00000007d8080000,0x00000007d8080000,0x00000007d8580000)
 ParOldGen       total 86528K, used 0K [0x0000000781200000, 0x0000000786680000, 0x00000007d5b00000)
  object space 86528K, 0% used [0x0000000781200000,0x0000000781200000,0x0000000786680000)
 PSPermGen       total 21504K, used 13239K [0x000000077c000000, 0x000000077d500000, 0x0000000781200000)
  object space 21504K, 61% used [0x000000077c000000,0x000000077ccedd90,0x000000077d500000)
}

Deoptimization events (6 events):
Event: 2.336 Thread 0x000000000c6d2000 Uncommon trap: reason=unreached action=reinterpret pc=0x0000000002849584 method=java.lang.Class.searchFields([Ljava/lang/reflect/Field;Ljava/lang/String;)Ljava/lang/reflect/Field; @ 23
Event: 2.666 Thread 0x000000000c567800 Uncommon trap: reason=bimorphic action=maybe_recompile pc=0x0000000002841760 method=java.util.HashMap.getEntry(Ljava/lang/Object;)Ljava/util/HashMap$Entry; @ 68
Event: 2.666 Thread 0x000000000c567800 Uncommon trap: reason=bimorphic action=maybe_recompile pc=0x0000000002841760 method=java.util.HashMap.getEntry(Ljava/lang/Object;)Ljava/util/HashMap$Entry; @ 68
Event: 2.666 Thread 0x000000000c567800 Uncommon trap: reason=bimorphic action=maybe_recompile pc=0x0000000002841760 method=java.util.HashMap.getEntry(Ljava/lang/Object;)Ljava/util/HashMap$Entry; @ 68
Event: 2.666 Thread 0x000000000c567800 Uncommon trap: reason=bimorphic action=maybe_recompile pc=0x0000000002841760 method=java.util.HashMap.getEntry(Ljava/lang/Object;)Ljava/util/HashMap$Entry; @ 68
Event: 2.824 Thread 0x000000000c567800 Uncommon trap: reason=unreached action=reinterpret pc=0x000000000285d0c8 method=java.io.BufferedReader.readLine(Z)Ljava/lang/String; @ 192

Internal exceptions (10 events):
Event: 2.793 Thread 0x000000000c567800 Threw 0x00000007d62d47c8 at C:\re\jdk7u67\1368\hotspot\src\share\vm\prims\jvm.cpp:1244
Event: 2.795 Thread 0x000000000c567800 Threw 0x00000007d62da3f0 at C:\re\jdk7u67\1368\hotspot\src\share\vm\prims\jvm.cpp:1244
Event: 2.895 Thread 0x000000000c567800 Threw 0x00000007d674b348 at C:\re\jdk7u67\1368\hotspot\src\share\vm\prims\jvm.cpp:1244
Event: 2.899 Thread 0x000000000c567800 Threw 0x00000007d674e900 at C:\re\jdk7u67\1368\hotspot\src\share\vm\prims\jvm.cpp:1244
Event: 2.901 Thread 0x000000000c567800 Threw 0x00000007d6753f10 at C:\re\jdk7u67\1368\hotspot\src\share\vm\prims\jvm.cpp:1244
Event: 2.903 Thread 0x000000000c567800 Threw 0x00000007d677a660 at C:\re\jdk7u67\1368\hotspot\src\share\vm\prims\jvm.cpp:1244
Event: 2.904 Thread 0x000000000c567800 Threw 0x00000007d677d188 at C:\re\jdk7u67\1368\hotspot\src\share\vm\prims\jvm.cpp:1244
Event: 2.904 Thread 0x000000000c567800 Threw 0x00000007d677fcb0 at C:\re\jdk7u67\1368\hotspot\src\share\vm\prims\jvm.cpp:1244
Event: 2.905 Thread 0x000000000c567800 Threw 0x00000007d67821a8 at C:\re\jdk7u67\1368\hotspot\src\share\vm\prims\jvm.cpp:1244
Event: 2.905 Thread 0x000000000c567800 Threw 0x00000007d6784db8 at C:\re\jdk7u67\1368\hotspot\src\share\vm\prims\jvm.cpp:1244

Events (10 events):
Event: 2.905 loading class 0x000000000fc66f70
Event: 2.905 loading class 0x000000000fc66f70 done
Event: 2.905 loading class 0x000000000fc66ef0
Event: 2.905 loading class 0x000000000fc66ef0 done
Event: 2.906 loading class 0x000000000b2442e0
Event: 2.910 loading class 0x000000000b2000d0
Event: 2.910 loading class 0x000000000b2000d0 done
Event: 2.911 loading class 0x000000000b1ffe60 done
Event: 2.911 loading class 0x000000000b2442e0 done
Event: 2.912 Thread 0x000000000fc7a000 Thread exited: 0x000000000fc7a000


Dynamic libraries:
0x000000013f990000 - 0x000000013f9c3000 	D:\Programy\Java\jre7\bin\javaw.exe
0x0000000077900000 - 0x0000000077aa9000 	C:\Windows\SYSTEM32\ntdll.dll
0x00000000777e0000 - 0x00000000778ff000 	C:\Windows\system32\kernel32.dll
0x000007fefd800000 - 0x000007fefd86c000 	C:\Windows\system32\KERNELBASE.dll
0x000007feff730000 - 0x000007feff80b000 	C:\Windows\system32\ADVAPI32.dll
0x000007feffae0000 - 0x000007feffb7f000 	C:\Windows\system32\msvcrt.dll
0x000007feff3e0000 - 0x000007feff3ff000 	C:\Windows\SYSTEM32\sechost.dll
0x000007fefe920000 - 0x000007fefea4d000 	C:\Windows\system32\RPCRT4.dll
0x00000000776e0000 - 0x00000000777da000 	C:\Windows\system32\USER32.dll
0x000007feff6c0000 - 0x000007feff727000 	C:\Windows\system32\GDI32.dll
0x000007feffc00000 - 0x000007feffc0e000 	C:\Windows\system32\LPK.dll
0x000007fefedf0000 - 0x000007fefeeb9000 	C:\Windows\system32\USP10.dll
0x000007fefbc50000 - 0x000007fefbe44000 	C:\Windows\WinSxS\amd64_microsoft.windows.common-controls_6595b64144ccf1df_6.0.7601.18807_none_fa381d5f175bfb52\COMCTL32.dll
0x000007feffb80000 - 0x000007feffbf1000 	C:\Windows\system32\SHLWAPI.dll
0x000007feff040000 - 0x000007feff06e000 	C:\Windows\system32\IMM32.DLL
0x000007fefeed0000 - 0x000007fefefd9000 	C:\Windows\system32\MSCTF.dll
0x000007fefd5f0000 - 0x000007fefd621000 	C:\Windows\system32\nvinitx.dll
0x000007fefd5e0000 - 0x000007fefd5ec000 	C:\Windows\system32\VERSION.dll
0x000000000f000000 - 0x000000000f006000 	C:\Program Files\NVIDIA Corporation\CoProcManager\detoured.dll
0x000007fefb2f0000 - 0x000007fefb321000 	C:\Program Files\NVIDIA Corporation\CoProcManager\nvd3d9wrapx.dll
0x000007feff4e0000 - 0x000007feff6b7000 	C:\Windows\system32\SETUPAPI.dll
0x000007fefda40000 - 0x000007fefda76000 	C:\Windows\system32\CFGMGR32.dll
0x000007feff400000 - 0x000007feff4d7000 	C:\Windows\system32\OLEAUT32.dll
0x000007fefebe0000 - 0x000007fefede3000 	C:\Windows\system32\ole32.dll
0x000007fefd6f0000 - 0x000007fefd70a000 	C:\Windows\system32\DEVOBJ.dll
0x000007fefb230000 - 0x000007fefb252000 	C:\Program Files\NVIDIA Corporation\CoProcManager\nvdxgiwrapx.dll
0x0000000062a20000 - 0x0000000062af2000 	D:\Programy\Java\jre7\bin\msvcr100.dll
0x000000005a310000 - 0x000000005aae2000 	D:\Programy\Java\jre7\bin\server\jvm.dll
0x000007feed7c0000 - 0x000007feed7c9000 	C:\Windows\system32\WSOCK32.dll
0x000007fefe810000 - 0x000007fefe85d000 	C:\Windows\system32\WS2_32.dll
0x000007fefeec0000 - 0x000007fefeec8000 	C:\Windows\system32\NSI.dll
0x000007fefbb90000 - 0x000007fefbbcb000 	C:\Windows\system32\WINMM.dll
0x0000000077ad0000 - 0x0000000077ad7000 	C:\Windows\system32\PSAPI.DLL
0x0000000062a10000 - 0x0000000062a1f000 	D:\Programy\Java\jre7\bin\verify.dll
0x00000000629e0000 - 0x0000000062a08000 	D:\Programy\Java\jre7\bin\java.dll
0x00000000629c0000 - 0x00000000629d5000 	D:\Programy\Java\jre7\bin\zip.dll
0x0000000062820000 - 0x00000000629b5000 	D:\Programy\Java\jre7\bin\awt.dll
0x000007fefbb10000 - 0x000007fefbb66000 	C:\Windows\system32\uxtheme.dll
0x0000000073890000 - 0x0000000073896000 	C:\Program Files\ESET\ESET NOD32 Antivirus\eplgHooks.dll
0x000007fefb480000 - 0x000007fefb498000 	C:\Windows\system32\dwmapi.dll
0x000007fefd4b0000 - 0x000007fefd4bf000 	C:\Windows\system32\CRYPTBASE.dll
0x000007fefda80000 - 0x000007fefe809000 	C:\Windows\system32\SHELL32.dll
0x000007fefce70000 - 0x000007fefce88000 	C:\Windows\system32\CRYPTSP.dll
0x000007fefcb70000 - 0x000007fefcbb7000 	C:\Windows\system32\rsaenh.dll
0x000007fefd720000 - 0x000007fefd73e000 	C:\Windows\system32\USERENV.dll
0x000007fefd6c0000 - 0x000007fefd6cf000 	C:\Windows\system32\profapi.dll
0x0000000062800000 - 0x0000000062819000 	D:\Programy\Java\jre7\bin\net.dll
0x000007fefce10000 - 0x000007fefce65000 	C:\Windows\system32\mswsock.dll
0x000007fefce00000 - 0x000007fefce07000 	C:\Windows\System32\wship6.dll
0x000007fefb440000 - 0x000007fefb467000 	C:\Windows\system32\IPHLPAPI.DLL
0x000007fefb3f0000 - 0x000007fefb3fb000 	C:\Windows\system32\WINNSI.DLL
0x000007fefb150000 - 0x000007fefb168000 	C:\Windows\system32\dhcpcsvc.DLL
0x000007fefb130000 - 0x000007fefb141000 	C:\Windows\system32\dhcpcsvc6.DLL
0x00000000627e0000 - 0x00000000627f1000 	D:\Programy\Java\jre7\bin\nio.dll
0x000007fefd560000 - 0x000007fefd5b7000 	C:\Windows\system32\apphelp.dll
0x00000000637c0000 - 0x00000000637cd000 	C:\Users\Sawik\AppData\Local\Temp\jogamp_0000\file_cache\jln7050551463621447484\jln7495644907402371235\gluegen-rt.dll
0x00000000627d0000 - 0x00000000627d7000 	D:\Programy\Java\jre7\bin\jawt.dll
0x000000006a440000 - 0x000000006a44d000 	C:\Users\Sawik\AppData\Local\Temp\jogamp_0000\file_cache\jln7050551463621447484\jln7495644907402371235\nativewindow_awt.dll
0x000000006c100000 - 0x000000006c10f000 	C:\Users\Sawik\AppData\Local\Temp\jogamp_0000\file_cache\jln7050551463621447484\jln7495644907402371235\nativewindow_win32.dll
0x000007fedfc20000 - 0x000007fedfd3d000 	C:\Windows\system32\OpenGL32.dll
0x000007feed740000 - 0x000007feed76d000 	C:\Windows\system32\GLU32.dll
0x000007feedf00000 - 0x000007feedff1000 	C:\Windows\system32\DDRAW.dll
0x000007fefa370000 - 0x000007fefa378000 	C:\Windows\system32\DCIMAN32.dll
0x0000000064500000 - 0x00000000645ae000 	C:\Users\Sawik\AppData\Local\Temp\jogamp_0000\file_cache\jln7050551463621447484\jln7495644907402371235\jogl_desktop.dll
0x0000000064340000 - 0x00000000643a0000 	C:\Users\Sawik\AppData\Local\Temp\jogamp_0000\file_cache\jln7050551463621447484\jln7495644907402371235\jogl_mobile.dll
0x000007fefda00000 - 0x000007fefda3b000 	C:\Windows\system32\WINTRUST.dll
0x000007fefd890000 - 0x000007fefd9fd000 	C:\Windows\system32\CRYPT32.dll
0x000007fefd6d0000 - 0x000007fefd6df000 	C:\Windows\system32\MSASN1.dll
0x000007fed6850000 - 0x000007fed7175000 	C:\Windows\system32\ig75icd64.dll
0x000007fef3fa0000 - 0x000007fef4967000 	C:\Windows\system32\igdusc64.dll
0x000007fefc8d0000 - 0x000007fefc8e1000 	C:\Windows\system32\WTSAPI32.dll
0x0000000062780000 - 0x00000000627c7000 	D:\Programy\Java\jre7\bin\fontmanager.dll
0x000007fef71b0000 - 0x000007fef72d5000 	C:\Windows\system32\dbghelp.dll

VM Arguments:
jvm_args: -Djava.library.path=D:\Programy\eclipse\Biblioteki\JOGL\lib;D:\Programy\eclipse\Biblioteki\JOGL\lib;D:\Programy\eclipse\Biblioteki\JOGL\lib -Dfile.encoding=Cp1250 
java_command: Main
Launcher Type: SUN_STANDARD

Environment Variables:
PATH=C:/Program Files/Java/jre1.8.0_45/bin/server;C:/Program Files/Java/jre1.8.0_45/bin;C:/Program Files/Java/jre1.8.0_45/lib/amd64;C:\ProgramData\Oracle\Java\javapath;C:\Program Files (x86)\Intel\iCLS Client\;C:\Program Files\Intel\iCLS Client\;C:\Windows\system32;C:\Windows;C:\Windows\System32\Wbem;C:\Windows\System32\WindowsPowerShell\v1.0\;C:\Program Files\Intel\Intel(R) Management Engine Components\DAL;C:\Program Files\Intel\Intel(R) Management Engine Components\IPT;C:\Program Files (x86)\Intel\Intel(R) Management Engine Components\DAL;C:\Program Files (x86)\Intel\Intel(R) Management Engine Components\IPT;C:\Program Files\Intel\WiFi\bin\;C:\Program Files\Common Files\Intel\WirelessCommon\;D:\Programy\Matlab\runtime\win64;D:\Programy\Matlab\bin;D:\Programy\Matlab\polyspace\bin;C:\Program Files (x86)\Windows Kits\8.1\Windows Performance Toolkit\;C:\Program Files\Microsoft SQL Server\110\Tools\Binn\;C:\Program Files (x86)\QuickTime\QTSystem\;C:\Program Files (x86)\NVIDIA Corporation\PhysX\Common;D:\Programy\Skype\Phone\;C:\Program Files\Intel\WiFi\bin\;C:\Program Files\Common Files\Intel\WirelessCommon\;D:\Programy\eclipse;
USERNAME=Sawik
OS=Windows_NT
PROCESSOR_IDENTIFIER=Intel64 Family 6 Model 60 Stepping 3, GenuineIntel



---------------  S Y S T E M  ---------------

OS: Windows 7 , 64 bit Build 7601 Service Pack 1

CPU:total 8 (4 cores per cpu, 2 threads per core) family 6 model 60 stepping 3, cmov, cx8, fxsr, mmx, sse, sse2, sse3, ssse3, sse4.1, sse4.2, popcnt, avx, avx2, aes, erms, ht, tsc, tscinvbit

Memory: 4k page, physical 8306916k(4461364k free), swap 16611996k(12087924k free)

vm_info: Java HotSpot(TM) 64-Bit Server VM (24.65-b04) for windows-amd64 JRE (1.7.0_67-b01), built on Jul 25 2014 08:55:00 by "java_re" with unknown MS VC++:1600

time: Thu May 28 13:13:51 2015
elapsed time: 2 seconds

